----------------------------------------------------------------------------------------------------
------------------------------------ MegaLinter, by OX Security ------------------------------------
----------------------------------------------------------------------------------------------------
 - Image Creation Date: 2024-04-23T20:12:45Z
 - Image Revision: 03986e6993ccf699a22451118520680b438e7d2a
 - Image Version: v7.11.1
----------------------------------------------------------------------------------------------------
The MegaLinter documentation can be found at:
 - https://megalinter.io/7.11.1
----------------------------------------------------------------------------------------------------
::group::MegaLinter initialization (expand for details)
MegaLinter will analyze workspace [/github/workspace]
GITHUB_REPOSITORY: semperdanica/web
GITHUB_REF: refs/pull/5/merge
GITHUB_RUN_ID: 8913472722


[Activation] ANSIBLE_ANSIBLE_LINT has been set inactive, as subdirectory has not been found: ansible (set value "any" to always activate)
[Activation] EDITORCONFIG_EDITORCONFIG_CHECKER has been set inactive, as none of these files has been found: ['.editorconfig']
[Activation] JAVASCRIPT_ES has been set inactive, as none of these files has been found: ['.eslintrc.json', '.eslintrc.yml', '.eslintrc.yaml', '.eslintrc.js', '.eslintrc.cjs', 'package.json:eslintConfig']
[Activation] JSON_NPM_PACKAGE_JSON_LINT has been set inactive, as none of these files has been found: ['package.json']
[Activation] JSX_ESLINT has been set inactive, as none of these files has been found: ['.eslintrc.json', '.eslintrc.yml', '.eslintrc.yaml', '.eslintrc.js', '.eslintrc.cjs', 'package.json:eslintConfig']
[Activation] KUBERNETES_KUBECONFORM has been set inactive, as subdirectory has not been found: kubernetes (set value "any" to always activate)
[Activation] KUBERNETES_HELM has been set inactive, as none of these files has been found: ['Chart.yml', 'Chart.yaml']
[Activation] KUBERNETES_KUBESCAPE has been set inactive, as none of these files has been found: ['Chart.yml', 'Chart.yaml']
[SemgrepLinter] Deactivated because no ruleset has been defined
[Activation] SALESFORCE_SFDX_SCANNER_APEX has been set inactive, as subdirectory has not been found: force-app (set value "any" to always activate)
[Activation] SALESFORCE_SFDX_SCANNER_AURA has been set inactive, as subdirectory has not been found: force-app (set value "any" to always activate)
[Activation] SALESFORCE_SFDX_SCANNER_LWC has been set inactive, as subdirectory has not been found: force-app (set value "any" to always activate)
[Activation] SALESFORCE_LIGHTNING_FLOW_SCANNER has been set inactive, as subdirectory has not been found: force-app (set value "any" to always activate)
[Activation] SPELL_PROSELINT has been set inactive, as none of these files has been found: ['.proselintrc', 'proselint/config.json']
[Activation] SPELL_VALE has been set inactive, as none of these files has been found: ['.vale.ini']
[Activation] SQL_SQLFLUFF has been set inactive, as none of these files has been found: ['.sqlfluff']
[Activation] SWIFT_SWIFTLINT has been set inactive, as none of these files has been found: ['.swiftlint.yml']
[Activation] TSX_ESLINT has been set inactive, as none of these files has been found: ['.eslintrc.json', '.eslintrc.yml', '.eslintrc.yaml', '.eslintrc.js', '.eslintrc.cjs', 'package.json:eslintConfig']
[Activation] TYPESCRIPT_ES has been set inactive, as none of these files has been found: ['.eslintrc.json', '.eslintrc.yml', '.eslintrc.yaml', '.eslintrc.js', '.eslintrc.cjs', 'package.json:eslintConfig']
CLOJURE_CLJSTYLE has been temporary disabled in MegaLinter, please use a previous MegaLinter version or wait for the next one !
JSON_ESLINT_PLUGIN_JSONC has been temporary disabled in MegaLinter, please use a previous MegaLinter version or wait for the next one !
MARKDOWN_REMARK_LINT has been temporary disabled in MegaLinter, please use a previous MegaLinter version or wait for the next one !
Skipped linters: ANSIBLE_ANSIBLE_LINT, CLOJURE_CLJSTYLE, EDITORCONFIG_EDITORCONFIG_CHECKER, JAVASCRIPT_ES, JAVASCRIPT_PRETTIER, JSON_ESLINT_PLUGIN_JSONC, JSON_NPM_PACKAGE_JSON_LINT, JSX_ESLINT, KUBERNETES_HELM, KUBERNETES_KUBECONFORM, KUBERNETES_KUBESCAPE, MARKDOWN_REMARK_LINT, REPOSITORY_SEMGREP, SALESFORCE_LIGHTNING_FLOW_SCANNER, SALESFORCE_SFDX_SCANNER_APEX, SALESFORCE_SFDX_SCANNER_AURA, SALESFORCE_SFDX_SCANNER_LWC, SPELL_CSPELL, SPELL_PROSELINT, SPELL_VALE, SQL_SQLFLUFF, SWIFT_SWIFTLINT, TSX_ESLINT, TYPESCRIPT_ES, TYPESCRIPT_PRETTIER
To receive reports as email, please set variable EMAIL_REPORTER_EMAIL
::endgroup::
::group::MegaLinter now collects the files to analyse (expand for details)
Listing all files in directory [/github/workspace], then filter with:
- File extensions: , .R, .RMD, .Rmd, .bash, .bicep, .c, .c++, .cc, .cdxml, .clj, .cljc, .cljs, .coffee, .cpp, .cs, .csproj, .css, .cu, .cuh, .cxx, .dart, .dash, .edn, .env, .feature, .go, .gradle, .graphql, .groovy, .gvy, .h, .h++, .hcl, .hh, .hpp, .htm, .html, .hxx, .java, .js, .json, .json5, .jsonc, .ksh, .kt, .kts, .lua, .markdown, .md, .mdx, .nf, .p6, .php, .pl, .pl6, .pm, .pm6, .pp, .proto, .ps1, .ps1xml, .psd1, .psm1, .psrc, .pssc, .py, .r, .raku, .rakumod, .rakutest, .rb, .rs, .rst, .saas, .scala, .scss, .sh, .smk, .sql, .t, .tex, .tf, .ts, .txt, .vb, .xml, .yaml, .yml
- File names (regex): Containerfile, Dockerfile, Jenkinsfile, Makefile, Snakefile
- Excluding .gitignored files [0]: 
Kept [4] files on [9] found files

+----MATCHING LINTERS-------------------+------------------------------------------------------------------------+----------------+------------+
| Descriptor | Linter                   | Criteria                                                               | Matching files | Format/Fix |
+------------+--------------------------+------------------------------------------------------------------------+----------------+------------+
| COPYPASTE  | jscpd                    |                                                                        | project        | no         |
| CSS        | stylelint                | .css|.scss|.saas                                                       | 1              | yes        |
| HTML       | djlint                   | .html|.htm                                                             | 1              | no         |
| HTML       | htmlhint                 | .html|.htm                                                             | 1              | no         |
| MARKDOWN   | markdownlint             | .md                                                                    | 1              | yes        |
| MARKDOWN   | markdown-link-check      | .md                                                                    | 1              | no         |
| MARKDOWN   | markdown-table-formatter | .md                                                                    | 1              | yes        |
| REPOSITORY | checkov                  |                                                                        | project        | no         |
| REPOSITORY | git_diff                 |                                                                        | project        | no         |
| REPOSITORY | gitleaks                 |                                                                        | project        | no         |
| REPOSITORY | grype                    |                                                                        | project        | no         |
| REPOSITORY | secretlint               |                                                                        | project        | no         |
| REPOSITORY | trivy                    |                                                                        | project        | no         |
| REPOSITORY | trivy-sbom               |                                                                        | project        | no         |
| REPOSITORY | trufflehog               |                                                                        | project        | no         |
| SPELL      | lychee                   | .md|.mdx|.markdown|.html|.htm|.rst|.txt|.json|.jsonc|.json5|.yaml|.yml | 2              | no         |
+------------+--------------------------+------------------------------------------------------------------------+----------------+------------+
::endgroup::
Processing linters on [4] parallel cores… (can be decreased with variable PARALLEL_PROCESS_NUMBER in case of performance issues)
::group::[32m✅ Linted [MARKDOWN] files with [markdownlint] successfully - (0.45s)[0m (expand for details)
- Using [markdownlint v0.39.0] https://megalinter.io/7.11.1/descriptors/markdown_markdownlint
- MegaLinter key: [MARKDOWN_MARKDOWNLINT]
- Rules config: [.markdownlint.json]
- Number of files analyzed: [1]
::endgroup::
::group::[32m✅ Linted [MARKDOWN] files with [markdown-table-formatter] successfully - (0.3s)[0m (expand for details)
- Using [markdown-table-formatter v1.5.0] https://megalinter.io/7.11.1/descriptors/markdown_markdown_table_formatter
- MegaLinter key: [MARKDOWN_MARKDOWN_TABLE_FORMATTER]
- Rules config: identified by [markdown-table-formatter]
- Number of files analyzed: [1]
::endgroup::
::group::[32m✅ Linted [MARKDOWN] files with [markdown-link-check] successfully - (1.23s)[0m (expand for details)
- Using [markdown-link-check v3.12.1] https://megalinter.io/7.11.1/descriptors/markdown_markdown_link_check
- MegaLinter key: [MARKDOWN_MARKDOWN_LINK_CHECK]
- Rules config: [.markdown-link-check.json]
- Number of files analyzed: [1]
::endgroup::
::group::[32m✅ Linted [CSS] files with [stylelint] successfully - (1.4s)[0m (expand for details)
- Using [stylelint v16.4.0] https://megalinter.io/7.11.1/descriptors/css_stylelint
- MegaLinter key: [CSS_STYLELINT]
- Rules config: [.stylelintrc.json]
- Number of files analyzed: [1]
::endgroup::
::group::[32m✅ Linted [COPYPASTE] files with [jscpd] successfully - (1.26s)[0m (expand for details)
- Using [jscpd v3.5.10] https://megalinter.io/7.11.1/descriptors/copypaste_jscpd
- MegaLinter key: [COPYPASTE_JSCPD]
- Rules config: [.jscpd.json]
::endgroup::
::group::[32m✅ Linted [REPOSITORY] files with [secretlint] successfully - (0.91s)[0m (expand for details)
- Using [secretlint v8.2.3] https://megalinter.io/7.11.1/descriptors/repository_secretlint
- MegaLinter key: [REPOSITORY_SECRETLINT]
- Rules config: [.secretlintrc.json]
::endgroup::
::group::[32m✅ Linted [REPOSITORY] files with [trivy] successfully - (3.94s)[0m (expand for details)
- Using [trivy v0.50.2] https://megalinter.io/7.11.1/descriptors/repository_trivy
- MegaLinter key: [REPOSITORY_TRIVY]
- Rules config: identified by [trivy]
::endgroup::
::group::[32m✅ Linted [REPOSITORY] files with [trivy-sbom] successfully - (3.23s)[0m (expand for details)
- Using [trivy-sbom v0.50.2] https://megalinter.io/7.11.1/descriptors/repository_trivy_sbom
- MegaLinter key: [REPOSITORY_TRIVY_SBOM]
- Rules config: identified by [trivy-sbom]
::endgroup::
::group::[32m✅ Linted [SPELL] files with [lychee] successfully - (0.57s)[0m (expand for details)
- Using [lychee v0.14.3] https://megalinter.io/7.11.1/descriptors/spell_lychee
- MegaLinter key: [SPELL_LYCHEE]
- Rules config: identified by [lychee]
- Number of files analyzed: [2]
::endgroup::
::group::[32m✅ Linted [HTML] files with [djlint] successfully - (0.7s)[0m (expand for details)
- Using [djlint v1.34.1] https://megalinter.io/7.11.1/descriptors/html_djlint
- MegaLinter key: [HTML_DJLINT]
- Rules config: identified by [djlint]
- Number of files analyzed: [1]
::endgroup::
::group::[32m✅ Linted [HTML] files with [htmlhint] successfully - (0.23s)[0m (expand for details)
- Using [htmlhint v1.1.4] https://megalinter.io/7.11.1/descriptors/html_htmlhint
- MegaLinter key: [HTML_HTMLHINT]
- Rules config: [.htmlhintrc]
- Number of files analyzed: [1]
::endgroup::
::group::[32m✅ Linted [REPOSITORY] files with [gitleaks] successfully - (0.09s)[0m (expand for details)
- Using [gitleaks v8.18.2] https://megalinter.io/7.11.1/descriptors/repository_gitleaks
- MegaLinter key: [REPOSITORY_GITLEAKS]
- Rules config: [.gitleaks.toml]
::endgroup::
::group::[32m✅ Linted [REPOSITORY] files with [git_diff] successfully - (0.0s)[0m (expand for details)
- Using [git_diff v2.43.0] https://megalinter.io/7.11.1/descriptors/repository_git_diff
- MegaLinter key: [REPOSITORY_GIT_DIFF]
- Rules config: identified by [git_diff]
::endgroup::
::group::[32m✅ Linted [REPOSITORY] files with [trufflehog] successfully - (4.08s)[0m (expand for details)
- Using [trufflehog v3.73.0] https://megalinter.io/7.11.1/descriptors/repository_trufflehog
- MegaLinter key: [REPOSITORY_TRUFFLEHOG]
- Rules config: identified by [trufflehog]
::endgroup::
::group::[32m✅ Linted [REPOSITORY] files with [checkov] successfully - (10.35s)[0m (expand for details)
- Using [checkov v3.2.74] https://megalinter.io/7.11.1/descriptors/repository_checkov
- MegaLinter key: [REPOSITORY_CHECKOV]
- Rules config: [.checkov.yml]
::endgroup::
::group::[32m✅ Linted [REPOSITORY] files with [grype] successfully - (12.84s)[0m (expand for details)
- Using [grype v0.77.0] https://megalinter.io/7.11.1/descriptors/repository_grype
- MegaLinter key: [REPOSITORY_GRYPE]
- Rules config: [.grype.yaml]
::endgroup::
[Updated Sources Reporter] copied 1 fixed source files in folder /github/workspace/megalinter-reports/updated_sources.
Download it from artifacts then copy-paste it in your local repo to apply linters updates

+----SUMMARY----+--------------------------+---------------+-------+-------+--------+--------------+
| Descriptor    | Linter                   | Mode          | Files | Fixed | Errors | Elapsed time |
+---------------+--------------------------+---------------+-------+-------+--------+--------------+
| ✅ COPYPASTE  | jscpd                    | project       |   n/a |       |      0 |        1.26s |
| ✅ CSS        | stylelint                | list_of_files |     1 |     1 |      0 |         1.4s |
| ✅ HTML       | djlint                   | list_of_files |     1 |       |      0 |         0.7s |
| ✅ HTML       | htmlhint                 | list_of_files |     1 |       |      0 |        0.23s |
| ✅ MARKDOWN   | markdownlint             | list_of_files |     1 |     0 |      0 |        0.45s |
| ✅ MARKDOWN   | markdown-link-check      | list_of_files |     1 |       |      0 |        1.23s |
| ✅ MARKDOWN   | markdown-table-formatter | list_of_files |     1 |     0 |      0 |         0.3s |
| ✅ REPOSITORY | checkov                  | project       |   n/a |       |      0 |       10.35s |
| ✅ REPOSITORY | gitleaks                 | project       |   n/a |       |      0 |        0.09s |
| ✅ REPOSITORY | git_diff                 | project       |   n/a |       |      0 |         0.0s |
| ✅ REPOSITORY | grype                    | project       |   n/a |       |      0 |       12.84s |
| ✅ REPOSITORY | secretlint               | project       |   n/a |       |      0 |        0.91s |
| ✅ REPOSITORY | trivy                    | project       |   n/a |       |      0 |        3.94s |
| ✅ REPOSITORY | trivy-sbom               | project       |   n/a |       |      0 |        3.23s |
| ✅ REPOSITORY | trufflehog               | project       |   n/a |       |      0 |        4.08s |
| ✅ SPELL      | lychee                   | list_of_files |     2 |       |      0 |        0.57s |
+---------------+--------------------------+---------------+-------+-------+--------+--------------+

[GitHub Comment Reporter] Posted summary as comment on semperdanica/web #PR5
[32m✅ Successfully linted all files without errors[0m
